This is pdfTeX, Version 3.141592653-2.6-1.40.23 (TeX Live 2021/Arch Linux) (preloaded format=latex 2022.1.30)  30 JAN 2022 10:53
entering extended mode
 restricted \write18 enabled.
 %&-line parsing enabled.
**archisthebest.tex
(./archisthebest.tex
LaTeX2e <2021-11-15> patch level 1
L3 programming layer <2021-11-22>
(/usr/share/texmf-dist/tex/latex/base/minimal.cls
Document Class: minimal 2001/05/25 Standard LaTeX minimal class
) (/usr/share/texmf-dist/tex/latex/l3backend/l3backend-dvips.def
File: l3backend-dvips.def 2021-12-14 L3 backend support: dvips
\l__pdf_internal_box=\box50
\g__pdf_backend_object_int=\count183
\l__pdf_backend_content_box=\box51
\l__pdf_backend_model_box=\box52
\g__pdf_backend_annotation_int=\count184
\g__pdf_backend_link_int=\count185
\g__pdf_backend_link_sf_int=\count186
)
No file archisthebest.aux.
\openout1 = `archisthebest.aux'.

LaTeX Font Info:    Checking defaults for OML/cmm/m/it on input line 3.
LaTeX Font Info:    ... okay on input line 3.
LaTeX Font Info:    Checking defaults for OMS/cmsy/m/n on input line 3.
LaTeX Font Info:    ... okay on input line 3.
LaTeX Font Info:    Checking defaults for OT1/cmr/m/n on input line 3.
LaTeX Font Info:    ... okay on input line 3.
LaTeX Font Info:    Checking defaults for T1/cmr/m/n on input line 3.
LaTeX Font Info:    ... okay on input line 3.
LaTeX Font Info:    Checking defaults for TS1/cmr/m/n on input line 3.
LaTeX Font Info:    ... okay on input line 3.
LaTeX Font Info:    Checking defaults for OMX/cmex/m/n on input line 3.
LaTeX Font Info:    ... okay on input line 3.
LaTeX Font Info:    Checking defaults for U/cmr/m/n on input line 3.
LaTeX Font Info:    ... okay on input line 3.
[1] (./archisthebest.aux) ) 
Here is how much of TeX's memory you used:
 220 strings out of 478354
 5931 string characters out of 5854661
 301931 words of memory out of 5000000
 18437 multiletter control sequences out of 15000+600000
 403430 words of font info for 27 fonts, out of 8000000 for 9000
 1141 hyphenation exceptions out of 8191
 33i,5n,35p,157b,92s stack positions out of 5000i,500n,10000p,200000b,80000s

Output written on archisthebest.dvi (1 page, 252 bytes).
